#
# Copyright 2016-2017 The Reaktivity Project
#
# The Reaktivity Project licenses this file to you under the Apache License,
# version 2.0 (the "License"); you may not use this file except in compliance
# with the License. You may obtain a copy of the License at:
#
#   http://www.apache.org/licenses/LICENSE-2.0
#
# Unless required by applicable law or agreed to in writing, software
# distributed under the License is distributed on an "AS IS" BASIS, WITHOUT
# WARRANTIES OR CONDITIONS OF ANY KIND, either express or implied. See the
# License for the specific language governing permissions and limitations
# under the License.
#

property newClientAcceptRef ${nuklei:newReferenceId()} # external scope
property clientTransport "nukleus://http2/streams/source"

# C.3.1.  First Request
connect await ROUTED_CLIENT
        ${clientTransport}
        option nukleus:route ${newClientAcceptRef}
        option nukleus:window 8192
        option nukleus:transmission "half-duplex"

write nukleus:begin.ext ${http:headers()
                              .item(":method", "GET")
                              .item(":scheme", "http")
                              .item(":path", "/")
                              .item(":authority", "localhost:8080")
                              .build()}
connected

read nukleus:begin.ext ${http:headers()
                             .item(":status", "200")
                             .item("server", "CERN/3.0 libwww/2.17")
                             .item("date", "Wed, 01 Feb 2017 19:12:46 GMT")
                             .item("content-type", "text/html; charset=UTF-8")
                             .item("content-length", "113")
                             .build()}
read "<html>"
     "<head><link rel=\"stylesheet\" href=\"styles.css\"></head>"
     "<body><script src=\"script.js\"></script></body>"
     "</html>"


# C.3.2.  Second Request
connect await CLIENT_2
        ${clientTransport}
        option nukleus:route ${newClientAcceptRef}
        option nukleus:window 8192
        option nukleus:transmission "half-duplex"

write nukleus:begin.ext ${http:headers()
                              .item(":method", "GET")
                              .item(":scheme", "http")
                              .item(":path", "/")
                              .item(":authority", "localhost:8080")
                              .item("cache-control", "no-cache")
                              .build()}
connected

read nukleus:begin.ext ${http:headers()
                             .item(":status", "200")
                             .item("server", "CERN/3.0 libwww/2.17")
                             .item("date", "Wed, 01 Feb 2017 19:12:46 GMT")
                             .item("content-type", "text/html; charset=UTF-8")
                             .item("content-length", "113")
                             .build()}
read "<html>"
     "<head><link rel=\"stylesheet\" href=\"styles.css\"></head>"
     "<body><script src=\"script.js\"></script></body>"
     "</html>"


# C.3.3.  Third Request
connect await CLIENT_3
        ${clientTransport}
        option nukleus:route ${newClientAcceptRef}
        option nukleus:window 8192
        option nukleus:transmission "half-duplex"

write nukleus:begin.ext ${http:headers()
                              .item(":method", "GET")
                              .item(":scheme", "https")
                              .item(":path", "/index.html")
                              .item(":authority", "localhost:8080")
                              .item("custom-key", "custom-value")
                              .build()}
connected

read nukleus:begin.ext ${http:headers()
                             .item(":status", "200")
                             .item("server", "CERN/3.0 libwww/2.17")
                             .item("date", "Wed, 01 Feb 2017 19:12:46 GMT")
                             .item("content-type", "text/html; charset=UTF-8")
                             .item("content-length", "113")
                             .build()}

read "<html>"
     "<head><link rel=\"stylesheet\" href=\"styles.css\"></head>"
     "<body><script src=\"script.js\"></script></body>"
     "</html>"
